  [4;36;1mSQL (116.0ms)[0m   [0;1mSET NAMES 'utf8'[0m
  [4;35;1mSQL (0.5ms)[0m   [0mSET SQL_AUTO_IS_NULL=0[0m
  [4;36;1mSQL (0.5ms)[0m   [0;1mSHOW TABLES[0m
  [4;35;1mSQL (1072.7ms)[0m   [0mCREATE TABLE `schema_migrations` (`version` varchar(255) NOT NULL) ENGINE=InnoDB[0m
  [4;36;1mSQL (822.8ms)[0m   [0;1mCREATE UNIQUE INDEX `unique_schema_migrations` ON `schema_migrations` (`version`)[0m
  [4;35;1mSQL (12.8ms)[0m   [0mSHOW TABLES[0m
  [4;36;1mSQL (0.3ms)[0m   [0;1mSELECT version FROM schema_migrations[0m
Migrating to CreateAlbums (20091121175007)
  [4;35;1mSQL (764.3ms)[0m   [0mCREATE TABLE `albums` (`id` int(11) DEFAULT NULL auto_increment PRIMARY KEY, `parent_id` int(11), `title` varchar(255), `description` text, `created_at` datetime, `updated_at` datetime) ENGINE=InnoDB[0m
  [4;36;1mSQL (32.2ms)[0m   [0;1mINSERT INTO schema_migrations (version) VALUES ('20091121175007')[0m
  [4;35;1mSQL (0.4ms)[0m   [0mSHOW TABLES[0m
  [4;36;1mSQL (0.1ms)[0m   [0;1mSELECT version FROM schema_migrations[0m
  [4;35;1mSQL (0.2ms)[0m   [0mSHOW TABLES[0m
  [4;36;1mSQL (71.9ms)[0m   [0;1mSHOW FIELDS FROM `albums`[0m
  [4;35;1mSQL (40.5ms)[0m   [0mdescribe `albums`[0m
  [4;36;1mSQL (0.6ms)[0m   [0;1mSHOW KEYS FROM `albums`[0m
  [4;36;1mSQL (0.2ms)[0m   [0;1mSET NAMES 'utf8'[0m
  [4;35;1mSQL (0.1ms)[0m   [0mSET SQL_AUTO_IS_NULL=0[0m


Processing AlbumsController#index (for 127.0.0.1 at 2009-11-21 18:54:21) [GET]
  [4;36;1mAlbum Load (0.6ms)[0m   [0;1mSELECT * FROM `albums` [0m
Rendering albums/index
Completed in 56ms (View: 51, DB: 1) | 200 OK [http://localhost/albums]
  [4;35;1mSQL (0.2ms)[0m   [0mSET NAMES 'utf8'[0m
  [4;36;1mSQL (0.1ms)[0m   [0;1mSET SQL_AUTO_IS_NULL=0[0m


Processing AlbumsController#new (for 127.0.0.1 at 2009-11-21 18:54:25) [GET]
  [4;35;1mAlbum Columns (51.3ms)[0m   [0mSHOW FIELDS FROM `albums`[0m
Rendering albums/new
Completed in 208ms (View: 152, DB: 52) | 200 OK [http://localhost/albums/new]
  [4;36;1mSQL (0.1ms)[0m   [0;1mSET NAMES 'utf8'[0m
  [4;35;1mSQL (0.1ms)[0m   [0mSET SQL_AUTO_IS_NULL=0[0m


Processing AlbumsController#index (for 127.0.0.1 at 2009-11-21 18:54:29) [GET]
  [4;36;1mAlbum Load (0.3ms)[0m   [0;1mSELECT * FROM `albums` [0m
Rendering albums/index
Completed in 4ms (View: 1, DB: 0) | 200 OK [http://localhost/albums]
  [4;35;1mSQL (0.1ms)[0m   [0mSET NAMES 'utf8'[0m
  [4;36;1mSQL (0.1ms)[0m   [0;1mSET SQL_AUTO_IS_NULL=0[0m


Processing AlbumsController#new (for 127.0.0.1 at 2009-11-21 18:54:30) [GET]
  [4;35;1mAlbum Columns (1.5ms)[0m   [0mSHOW FIELDS FROM `albums`[0m
Rendering albums/new
Completed in 8ms (View: 3, DB: 2) | 200 OK [http://localhost/albums/new]
  [4;36;1mSQL (0.1ms)[0m   [0;1mSET NAMES 'utf8'[0m
  [4;35;1mSQL (0.1ms)[0m   [0mSET SQL_AUTO_IS_NULL=0[0m


Processing AlbumsController#index (for 127.0.0.1 at 2009-11-21 18:54:34) [GET]
  [4;36;1mAlbum Load (0.3ms)[0m   [0;1mSELECT * FROM `albums` [0m
Rendering albums/index
Completed in 4ms (View: 1, DB: 0) | 200 OK [http://localhost/albums]
  [4;36;1mSQL (0.1ms)[0m   [0;1mSET NAMES 'utf8'[0m
  [4;35;1mSQL (0.1ms)[0m   [0mSET SQL_AUTO_IS_NULL=0[0m
  [4;36;1mSQL (0.3ms)[0m   [0;1mSHOW TABLES[0m
  [4;35;1mSQL (66.2ms)[0m   [0mCREATE TABLE `schema_migrations` (`version` varchar(255) NOT NULL) ENGINE=InnoDB[0m
  [4;36;1mSQL (180.9ms)[0m   [0;1mCREATE UNIQUE INDEX `unique_schema_migrations` ON `schema_migrations` (`version`)[0m
  [4;35;1mSQL (0.3ms)[0m   [0mSHOW TABLES[0m
  [4;36;1mSQL (0.2ms)[0m   [0;1mSELECT version FROM schema_migrations[0m
Migrating to CreateAlbums (20091121175007)
  [4;35;1mSQL (90.0ms)[0m   [0mCREATE TABLE `albums` (`id` int(11) DEFAULT NULL auto_increment PRIMARY KEY, `parent_id` int(11), `user_id` int(11), `title` varchar(255), `description` text, `created_at` datetime, `updated_at` datetime) ENGINE=InnoDB[0m
  [4;36;1mSQL (0.4ms)[0m   [0;1mINSERT INTO schema_migrations (version) VALUES ('20091121175007')[0m
  [4;35;1mSQL (0.4ms)[0m   [0mSHOW TABLES[0m
  [4;36;1mSQL (0.1ms)[0m   [0;1mSELECT version FROM schema_migrations[0m
  [4;35;1mSQL (0.4ms)[0m   [0mSHOW TABLES[0m
  [4;36;1mSQL (28.9ms)[0m   [0;1mSHOW FIELDS FROM `albums`[0m
  [4;35;1mSQL (1.7ms)[0m   [0mdescribe `albums`[0m
  [4;36;1mSQL (0.8ms)[0m   [0;1mSHOW KEYS FROM `albums`[0m
  [4;36;1mSQL (0.2ms)[0m   [0;1mSET NAMES 'utf8'[0m
  [4;35;1mSQL (0.1ms)[0m   [0mSET SQL_AUTO_IS_NULL=0[0m


Processing AlbumsController#index (for 127.0.0.1 at 2009-11-21 18:55:57) [GET]
  [4;36;1mAlbum Load (0.4ms)[0m   [0;1mSELECT * FROM `albums` [0m
Rendering albums/index
Completed in 82ms (View: 78, DB: 1) | 200 OK [http://localhost/albums]
  [4;35;1mSQL (0.1ms)[0m   [0mSET NAMES 'utf8'[0m
  [4;36;1mSQL (0.1ms)[0m   [0;1mSET SQL_AUTO_IS_NULL=0[0m


Processing AlbumsController#new (for 127.0.0.1 at 2009-11-21 18:55:58) [GET]
  [4;35;1mAlbum Columns (1.5ms)[0m   [0mSHOW FIELDS FROM `albums`[0m
Rendering albums/new
Completed in 29ms (View: 24, DB: 2) | 200 OK [http://localhost/albums/new]
  [4;36;1mSQL (0.2ms)[0m   [0;1mSET NAMES 'utf8'[0m
  [4;35;1mSQL (0.1ms)[0m   [0mSET SQL_AUTO_IS_NULL=0[0m


Processing AlbumsController#index (for 127.0.0.1 at 2009-11-21 18:56:09) [GET]
  [4;36;1mAlbum Load (0.3ms)[0m   [0;1mSELECT * FROM `albums` [0m
Rendering albums/index
Completed in 4ms (View: 1, DB: 1) | 200 OK [http://localhost/albums]
  [4;35;1mSQL (0.1ms)[0m   [0mSET NAMES 'utf8'[0m
  [4;36;1mSQL (0.1ms)[0m   [0;1mSET SQL_AUTO_IS_NULL=0[0m


Processing AlbumsController#new (for 127.0.0.1 at 2009-11-21 18:56:11) [GET]
  [4;35;1mAlbum Columns (1.5ms)[0m   [0mSHOW FIELDS FROM `albums`[0m
Rendering albums/new
Completed in 9ms (View: 4, DB: 2) | 200 OK [http://localhost/albums/new]
  [4;36;1mSQL (0.3ms)[0m   [0;1mSET NAMES 'utf8'[0m
  [4;35;1mSQL (0.1ms)[0m   [0mSET SQL_AUTO_IS_NULL=0[0m


Processing AlbumsController#index (for 127.0.0.1 at 2009-11-21 18:56:12) [GET]
  [4;36;1mAlbum Load (0.3ms)[0m   [0;1mSELECT * FROM `albums` [0m
Rendering albums/index
Completed in 4ms (View: 1, DB: 1) | 200 OK [http://localhost/albums]
  [4;35;1mSQL (0.2ms)[0m   [0mSET NAMES 'utf8'[0m
  [4;36;1mSQL (0.1ms)[0m   [0;1mSET SQL_AUTO_IS_NULL=0[0m


Processing AlbumsController#new (for 127.0.0.1 at 2009-11-21 18:56:15) [GET]
  [4;35;1mAlbum Columns (1.7ms)[0m   [0mSHOW FIELDS FROM `albums`[0m
Rendering albums/new
Completed in 9ms (View: 3, DB: 2) | 200 OK [http://localhost/albums/new]
  [4;36;1mSQL (0.1ms)[0m   [0;1mSET NAMES 'utf8'[0m
  [4;35;1mSQL (0.1ms)[0m   [0mSET SQL_AUTO_IS_NULL=0[0m


Processing AlbumsController#index (for 127.0.0.1 at 2009-11-21 18:56:17) [GET]
  [4;36;1mAlbum Load (0.3ms)[0m   [0;1mSELECT * FROM `albums` [0m
Rendering albums/index
Completed in 5ms (View: 1, DB: 0) | 200 OK [http://localhost/albums]
  [4;35;1mSQL (0.1ms)[0m   [0mSET NAMES 'utf8'[0m
  [4;36;1mSQL (0.1ms)[0m   [0;1mSET SQL_AUTO_IS_NULL=0[0m


Processing AlbumsController#new (for 127.0.0.1 at 2009-11-21 18:56:18) [GET]
  [4;35;1mAlbum Columns (1.5ms)[0m   [0mSHOW FIELDS FROM `albums`[0m
Rendering albums/new
Completed in 9ms (View: 3, DB: 2) | 200 OK [http://localhost/albums/new]
  [4;36;1mSQL (0.1ms)[0m   [0;1mSET NAMES 'utf8'[0m
  [4;35;1mSQL (0.1ms)[0m   [0mSET SQL_AUTO_IS_NULL=0[0m


Processing AlbumsController#create (for 127.0.0.1 at 2009-11-21 18:56:20) [POST]
  Parameters: {"commit"=>"Create", "authenticity_token"=>"RS9FPcERbZI1IgP+vHfBGPVlO0EqneeRvGPRLIM9urM=", "album"=>{"title"=>"", "description"=>"", "parent_id"=>"1"}}
  [4;36;1mAlbum Columns (5.5ms)[0m   [0;1mSHOW FIELDS FROM `albums`[0m
  [4;35;1mSQL (30.8ms)[0m   [0mBEGIN[0m
  [4;36;1mAlbum Create (19.8ms)[0m   [0;1mINSERT INTO `albums` (`updated_at`, `title`, `description`, `user_id`, `parent_id`, `created_at`) VALUES('2009-11-21 17:56:20', '', '', NULL, 1, '2009-11-21 17:56:20')[0m
  [4;35;1mSQL (0.4ms)[0m   [0mCOMMIT[0m
Redirected to http://localhost:3000/albums/1
Completed in 64ms (DB: 57) | 302 Found [http://localhost/albums]
  [4;36;1mSQL (0.1ms)[0m   [0;1mSET NAMES 'utf8'[0m
  [4;35;1mSQL (0.1ms)[0m   [0mSET SQL_AUTO_IS_NULL=0[0m


Processing AlbumsController#show (for 127.0.0.1 at 2009-11-21 18:56:20) [GET]
  Parameters: {"id"=>"1"}
  [4;36;1mAlbum Columns (1.5ms)[0m   [0;1mSHOW FIELDS FROM `albums`[0m
  [4;35;1mAlbum Load (77.9ms)[0m   [0mSELECT * FROM `albums` WHERE (`albums`.`id` = 1) [0m
Rendering albums/show
Completed in 101ms (View: 17, DB: 80) | 200 OK [http://localhost/albums/1]
  [4;36;1mSQL (0.1ms)[0m   [0;1mSET NAMES 'utf8'[0m
  [4;35;1mSQL (0.1ms)[0m   [0mSET SQL_AUTO_IS_NULL=0[0m


Processing AlbumsController#edit (for 127.0.0.1 at 2009-11-21 18:56:23) [GET]
  Parameters: {"id"=>"1"}
  [4;36;1mAlbum Columns (1.5ms)[0m   [0;1mSHOW FIELDS FROM `albums`[0m
  [4;35;1mAlbum Load (14.6ms)[0m   [0mSELECT * FROM `albums` WHERE (`albums`.`id` = 1) [0m
Rendering albums/edit
Completed in 31ms (View: 11, DB: 16) | 200 OK [http://localhost/albums/1/edit]
  [4;36;1mSQL (0.1ms)[0m   [0;1mSET NAMES 'utf8'[0m
  [4;35;1mSQL (0.1ms)[0m   [0mSET SQL_AUTO_IS_NULL=0[0m


Processing AlbumsController#update (for 127.0.0.1 at 2009-11-21 18:56:28) [PUT]
  Parameters: {"commit"=>"Update", "authenticity_token"=>"RS9FPcERbZI1IgP+vHfBGPVlO0EqneeRvGPRLIM9urM=", "id"=>"1", "album"=>{"title"=>"mama", "description"=>"test", "parent_id"=>"1"}}
  [4;36;1mAlbum Columns (1.5ms)[0m   [0;1mSHOW FIELDS FROM `albums`[0m
  [4;35;1mAlbum Load (0.2ms)[0m   [0mSELECT * FROM `albums` WHERE (`albums`.`id` = 1) [0m
  [4;36;1mSQL (0.1ms)[0m   [0;1mBEGIN[0m
  [4;35;1mAlbum Update (59.0ms)[0m   [0mUPDATE `albums` SET `title` = 'mama', `description` = 'test', `updated_at` = '2009-11-21 17:56:28' WHERE `id` = 1[0m
  [4;36;1mSQL (20.8ms)[0m   [0;1mCOMMIT[0m
Redirected to http://localhost:3000/albums/1
Completed in 89ms (DB: 82) | 302 Found [http://localhost/albums/1]
  [4;35;1mSQL (0.1ms)[0m   [0mSET NAMES 'utf8'[0m
  [4;36;1mSQL (0.1ms)[0m   [0;1mSET SQL_AUTO_IS_NULL=0[0m


Processing AlbumsController#show (for 127.0.0.1 at 2009-11-21 18:56:28) [GET]
  Parameters: {"id"=>"1"}
  [4;35;1mAlbum Columns (15.7ms)[0m   [0mSHOW FIELDS FROM `albums`[0m
  [4;36;1mAlbum Load (0.2ms)[0m   [0;1mSELECT * FROM `albums` WHERE (`albums`.`id` = 1) [0m
Rendering albums/show
Completed in 22ms (View: 2, DB: 16) | 200 OK [http://localhost/albums/1]
  [4;35;1mSQL (0.1ms)[0m   [0mSET NAMES 'utf8'[0m
  [4;36;1mSQL (0.1ms)[0m   [0;1mSET SQL_AUTO_IS_NULL=0[0m


Processing AlbumsController#index (for 127.0.0.1 at 2009-11-21 18:56:30) [GET]
  [4;35;1mAlbum Load (0.3ms)[0m   [0mSELECT * FROM `albums` [0m
Rendering albums/index
  [4;36;1mAlbum Columns (1.6ms)[0m   [0;1mSHOW FIELDS FROM `albums`[0m
Completed in 71ms (View: 65, DB: 2) | 200 OK [http://localhost/albums]
  [4;35;1mSQL (0.1ms)[0m   [0mSET NAMES 'utf8'[0m
  [4;36;1mSQL (0.1ms)[0m   [0;1mSET SQL_AUTO_IS_NULL=0[0m


Processing AlbumsController#new (for 127.0.0.1 at 2009-11-21 18:56:32) [GET]
  [4;35;1mAlbum Columns (1.5ms)[0m   [0mSHOW FIELDS FROM `albums`[0m
Rendering albums/new
Completed in 9ms (View: 4, DB: 2) | 200 OK [http://localhost/albums/new]
  [4;36;1mSQL (0.1ms)[0m   [0;1mSET NAMES 'utf8'[0m
  [4;35;1mSQL (0.1ms)[0m   [0mSET SQL_AUTO_IS_NULL=0[0m


Processing AlbumsController#create (for 127.0.0.1 at 2009-11-21 18:56:43) [POST]
  Parameters: {"commit"=>"Create", "authenticity_token"=>"RS9FPcERbZI1IgP+vHfBGPVlO0EqneeRvGPRLIM9urM=", "album"=>{"title"=>"Siemka", "description"=>"dsfsdfds dsf sd", "parent_id"=>"0"}}
  [4;36;1mAlbum Columns (7.7ms)[0m   [0;1mSHOW FIELDS FROM `albums`[0m
  [4;35;1mSQL (0.1ms)[0m   [0mBEGIN[0m
  [4;36;1mAlbum Create (0.2ms)[0m   [0;1mINSERT INTO `albums` (`updated_at`, `title`, `description`, `user_id`, `parent_id`, `created_at`) VALUES('2009-11-21 17:56:43', 'Siemka', 'dsfsdfds dsf sd', NULL, 0, '2009-11-21 17:56:43')[0m
  [4;35;1mSQL (0.4ms)[0m   [0mCOMMIT[0m
Redirected to http://localhost:3000/albums/2
Completed in 15ms (DB: 9) | 302 Found [http://localhost/albums]
  [4;36;1mSQL (0.1ms)[0m   [0;1mSET NAMES 'utf8'[0m
  [4;35;1mSQL (0.1ms)[0m   [0mSET SQL_AUTO_IS_NULL=0[0m


Processing AlbumsController#show (for 127.0.0.1 at 2009-11-21 18:56:43) [GET]
  Parameters: {"id"=>"2"}
  [4;36;1mAlbum Columns (23.0ms)[0m   [0;1mSHOW FIELDS FROM `albums`[0m
  [4;35;1mAlbum Load (0.5ms)[0m   [0mSELECT * FROM `albums` WHERE (`albums`.`id` = 2) [0m
Rendering albums/show
Completed in 30ms (View: 2, DB: 24) | 200 OK [http://localhost/albums/2]
  [4;36;1mSQL (0.1ms)[0m   [0;1mSET NAMES 'utf8'[0m
  [4;35;1mSQL (0.1ms)[0m   [0mSET SQL_AUTO_IS_NULL=0[0m


Processing AlbumsController#index (for 127.0.0.1 at 2009-11-21 18:56:44) [GET]
  [4;36;1mAlbum Load (0.3ms)[0m   [0;1mSELECT * FROM `albums` [0m
Rendering albums/index
  [4;35;1mAlbum Columns (1.4ms)[0m   [0mSHOW FIELDS FROM `albums`[0m
Completed in 9ms (View: 3, DB: 2) | 200 OK [http://localhost/albums]
  [4;36;1mSQL (0.1ms)[0m   [0;1mSET NAMES 'utf8'[0m
  [4;35;1mSQL (0.1ms)[0m   [0mSET SQL_AUTO_IS_NULL=0[0m


Processing AlbumsController#edit (for 127.0.0.1 at 2009-11-21 18:56:46) [GET]
  Parameters: {"id"=>"1"}
  [4;36;1mAlbum Columns (1.5ms)[0m   [0;1mSHOW FIELDS FROM `albums`[0m
  [4;35;1mAlbum Load (0.2ms)[0m   [0mSELECT * FROM `albums` WHERE (`albums`.`id` = 1) [0m
Rendering albums/edit
Completed in 10ms (View: 4, DB: 2) | 200 OK [http://localhost/albums/1/edit]
  [4;36;1mSQL (0.1ms)[0m   [0;1mSET NAMES 'utf8'[0m
  [4;35;1mSQL (0.1ms)[0m   [0mSET SQL_AUTO_IS_NULL=0[0m


Processing AlbumsController#update (for 127.0.0.1 at 2009-11-21 18:56:49) [PUT]
  Parameters: {"commit"=>"Update", "authenticity_token"=>"RS9FPcERbZI1IgP+vHfBGPVlO0EqneeRvGPRLIM9urM=", "id"=>"1", "album"=>{"title"=>"mama", "description"=>"test", "parent_id"=>"0"}}
  [4;36;1mAlbum Columns (1.4ms)[0m   [0;1mSHOW FIELDS FROM `albums`[0m
  [4;35;1mAlbum Load (0.2ms)[0m   [0mSELECT * FROM `albums` WHERE (`albums`.`id` = 1) [0m
  [4;36;1mSQL (0.1ms)[0m   [0;1mBEGIN[0m
  [4;35;1mAlbum Update (0.2ms)[0m   [0mUPDATE `albums` SET `parent_id` = 0, `updated_at` = '2009-11-21 17:56:49' WHERE `id` = 1[0m
  [4;36;1mSQL (38.3ms)[0m   [0;1mCOMMIT[0m
Redirected to http://localhost:3000/albums/1
Completed in 47ms (DB: 40) | 302 Found [http://localhost/albums/1]
  [4;35;1mSQL (0.1ms)[0m   [0mSET NAMES 'utf8'[0m
  [4;36;1mSQL (0.1ms)[0m   [0;1mSET SQL_AUTO_IS_NULL=0[0m


Processing AlbumsController#show (for 127.0.0.1 at 2009-11-21 18:56:49) [GET]
  Parameters: {"id"=>"1"}
  [4;35;1mAlbum Columns (12.4ms)[0m   [0mSHOW FIELDS FROM `albums`[0m
  [4;36;1mAlbum Load (0.2ms)[0m   [0;1mSELECT * FROM `albums` WHERE (`albums`.`id` = 1) [0m
Rendering albums/show
Completed in 18ms (View: 2, DB: 13) | 200 OK [http://localhost/albums/1]
  [4;35;1mSQL (0.1ms)[0m   [0mSET NAMES 'utf8'[0m
  [4;36;1mSQL (0.1ms)[0m   [0;1mSET SQL_AUTO_IS_NULL=0[0m


Processing AlbumsController#index (for 127.0.0.1 at 2009-11-21 18:56:50) [GET]
  [4;35;1mAlbum Load (0.3ms)[0m   [0mSELECT * FROM `albums` [0m
Rendering albums/index
  [4;36;1mAlbum Columns (1.4ms)[0m   [0;1mSHOW FIELDS FROM `albums`[0m
Completed in 8ms (View: 3, DB: 2) | 200 OK [http://localhost/albums]
  [4;36;1mSQL (0.2ms)[0m   [0;1mSET NAMES 'utf8'[0m
  [4;35;1mSQL (0.1ms)[0m   [0mSET SQL_AUTO_IS_NULL=0[0m


Processing AlbumsController#index (for 127.0.0.1 at 2009-11-21 18:58:10) [GET]
  [4;36;1mAlbum Load (0.4ms)[0m   [0;1mSELECT * FROM `albums` [0m
Rendering albums/index
  [4;35;1mAlbum Columns (1.3ms)[0m   [0mSHOW FIELDS FROM `albums`[0m
Completed in 15ms (View: 9, DB: 2) | 200 OK [http://localhost/albums]
  [4;36;1mSQL (0.1ms)[0m   [0;1mSET NAMES 'utf8'[0m
  [4;35;1mSQL (0.1ms)[0m   [0mSET SQL_AUTO_IS_NULL=0[0m


Processing AlbumsController#index (for 127.0.0.1 at 2009-11-21 18:58:11) [GET]
  [4;36;1mAlbum Load (0.3ms)[0m   [0;1mSELECT * FROM `albums` [0m
Rendering albums/index
  [4;35;1mAlbum Columns (1.4ms)[0m   [0mSHOW FIELDS FROM `albums`[0m
Completed in 9ms (View: 3, DB: 2) | 200 OK [http://localhost/albums]
  [4;36;1mSQL (0.1ms)[0m   [0;1mSET NAMES 'utf8'[0m
  [4;35;1mSQL (0.1ms)[0m   [0mSET SQL_AUTO_IS_NULL=0[0m


Processing AlbumsController#new (for 127.0.0.1 at 2009-11-21 18:58:12) [GET]
  [4;36;1mAlbum Columns (1.5ms)[0m   [0;1mSHOW FIELDS FROM `albums`[0m
Rendering albums/new
Completed in 36ms (View: 30, DB: 2) | 200 OK [http://localhost/albums/new]
  [4;35;1mSQL (0.1ms)[0m   [0mSET NAMES 'utf8'[0m
  [4;36;1mSQL (0.1ms)[0m   [0;1mSET SQL_AUTO_IS_NULL=0[0m


Processing AlbumsController#index (for 127.0.0.1 at 2009-11-21 18:58:14) [GET]
  [4;35;1mAlbum Load (0.3ms)[0m   [0mSELECT * FROM `albums` [0m
Rendering albums/index
  [4;36;1mAlbum Columns (1.5ms)[0m   [0;1mSHOW FIELDS FROM `albums`[0m
Completed in 9ms (View: 3, DB: 2) | 200 OK [http://localhost/albums]
  [4;35;1mSQL (0.4ms)[0m   [0mSET NAMES 'utf8'[0m
  [4;36;1mSQL (0.1ms)[0m   [0;1mSET SQL_AUTO_IS_NULL=0[0m


Processing AlbumsController#edit (for 127.0.0.1 at 2009-11-21 18:58:17) [GET]
  Parameters: {"id"=>"1"}
  [4;35;1mAlbum Columns (1.5ms)[0m   [0mSHOW FIELDS FROM `albums`[0m
  [4;36;1mAlbum Load (12.2ms)[0m   [0;1mSELECT * FROM `albums` WHERE (`albums`.`id` = 1) [0m
Rendering albums/edit
Completed in 40ms (View: 22, DB: 14) | 200 OK [http://localhost/albums/1/edit]
  [4;35;1mSQL (0.1ms)[0m   [0mSET NAMES 'utf8'[0m
  [4;36;1mSQL (0.1ms)[0m   [0;1mSET SQL_AUTO_IS_NULL=0[0m


Processing AlbumsController#index (for 127.0.0.1 at 2009-11-21 18:58:19) [GET]
  [4;35;1mAlbum Load (0.4ms)[0m   [0mSELECT * FROM `albums` [0m
Rendering albums/index
  [4;36;1mAlbum Columns (1.4ms)[0m   [0;1mSHOW FIELDS FROM `albums`[0m
Completed in 9ms (View: 3, DB: 2) | 200 OK [http://localhost/albums]
  [4;35;1mSQL (0.1ms)[0m   [0mSET NAMES 'utf8'[0m
  [4;36;1mSQL (0.1ms)[0m   [0;1mSET SQL_AUTO_IS_NULL=0[0m


Processing AlbumsController#new (for 127.0.0.1 at 2009-11-21 18:58:23) [GET]
  [4;35;1mAlbum Columns (1.5ms)[0m   [0mSHOW FIELDS FROM `albums`[0m
Rendering albums/new
Completed in 9ms (View: 3, DB: 2) | 200 OK [http://localhost/albums/new]
  [4;36;1mSQL (0.1ms)[0m   [0;1mSET NAMES 'utf8'[0m
  [4;35;1mSQL (0.1ms)[0m   [0mSET SQL_AUTO_IS_NULL=0[0m


Processing AlbumsController#index (for 127.0.0.1 at 2009-11-21 18:58:26) [GET]
  [4;36;1mAlbum Load (0.3ms)[0m   [0;1mSELECT * FROM `albums` [0m
Rendering albums/index
  [4;35;1mAlbum Columns (1.6ms)[0m   [0mSHOW FIELDS FROM `albums`[0m
Completed in 9ms (View: 3, DB: 2) | 200 OK [http://localhost/albums]
  [4;36;1mSQL (0.1ms)[0m   [0;1mSET NAMES 'utf8'[0m
  [4;35;1mSQL (0.1ms)[0m   [0mSET SQL_AUTO_IS_NULL=0[0m


Processing AlbumsController#new (for 127.0.0.1 at 2009-11-21 18:58:41) [GET]
  [4;36;1mAlbum Columns (1.6ms)[0m   [0;1mSHOW FIELDS FROM `albums`[0m
Rendering albums/new
Completed in 10ms (View: 3, DB: 2) | 200 OK [http://localhost/albums/new]
  [4;35;1mSQL (0.1ms)[0m   [0mSET NAMES 'utf8'[0m
  [4;36;1mSQL (0.1ms)[0m   [0;1mSET SQL_AUTO_IS_NULL=0[0m


Processing AlbumsController#index (for 127.0.0.1 at 2009-11-21 18:58:44) [GET]
  [4;35;1mAlbum Load (0.3ms)[0m   [0mSELECT * FROM `albums` [0m
Rendering albums/index
  [4;36;1mAlbum Columns (1.4ms)[0m   [0;1mSHOW FIELDS FROM `albums`[0m
Completed in 8ms (View: 3, DB: 2) | 200 OK [http://localhost/albums]
  [4;35;1mSQL (0.1ms)[0m   [0mSET NAMES 'utf8'[0m
  [4;36;1mSQL (0.1ms)[0m   [0;1mSET SQL_AUTO_IS_NULL=0[0m


Processing AlbumsController#new (for 127.0.0.1 at 2009-11-21 18:58:46) [GET]
  [4;35;1mAlbum Columns (1.5ms)[0m   [0mSHOW FIELDS FROM `albums`[0m
Rendering albums/new
Completed in 9ms (View: 3, DB: 2) | 200 OK [http://localhost/albums/new]
  [4;36;1mSQL (0.1ms)[0m   [0;1mSET NAMES 'utf8'[0m
  [4;35;1mSQL (0.1ms)[0m   [0mSET SQL_AUTO_IS_NULL=0[0m


Processing AlbumsController#index (for 127.0.0.1 at 2009-11-21 18:58:49) [GET]
  [4;36;1mAlbum Load (0.3ms)[0m   [0;1mSELECT * FROM `albums` [0m
Rendering albums/index
  [4;35;1mAlbum Columns (1.4ms)[0m   [0mSHOW FIELDS FROM `albums`[0m
Completed in 8ms (View: 3, DB: 2) | 200 OK [http://localhost/albums]
<<<<<<< HEAD
  [4;36;1mSQL (0.2ms)[0m   [0;1mSET NAMES 'utf8'[0m
  [4;35;1mSQL (0.1ms)[0m   [0mSET SQL_AUTO_IS_NULL=0[0m
  [4;36;1mSQL (19.1ms)[0m   [0;1mSHOW TABLES[0m
  [4;35;1mSQL (0.2ms)[0m   [0mSELECT version FROM schema_migrations[0m
Migrating to CreateAlbums (20091121175007)
Migrating to CreatePhotos (20091122171408)
  [4;36;1mSQL (0.5ms)[0m   [0;1mSHOW TABLES[0m
  [4;35;1mSQL (0.2ms)[0m   [0mSELECT version FROM schema_migrations[0m
  [4;36;1mSQL (0.3ms)[0m   [0;1mSHOW TABLES[0m
  [4;35;1mSQL (1.2ms)[0m   [0mSHOW FIELDS FROM `albums`[0m
  [4;36;1mSQL (1.1ms)[0m   [0;1mdescribe `albums`[0m
  [4;35;1mSQL (0.3ms)[0m   [0mSHOW KEYS FROM `albums`[0m
  [4;36;1mSQL (3.0ms)[0m   [0;1mSHOW FIELDS FROM `photos`[0m
  [4;35;1mSQL (13.8ms)[0m   [0mdescribe `photos`[0m
  [4;36;1mSQL (0.2ms)[0m   [0;1mSHOW KEYS FROM `photos`[0m
  [4;36;1mSQL (0.3ms)[0m   [0;1mSET NAMES 'utf8'[0m
  [4;35;1mSQL (0.1ms)[0m   [0mSET SQL_AUTO_IS_NULL=0[0m


Processing AlbumsController#index (for 127.0.0.1 at 2009-11-22 21:21:54) [GET]
  [4;36;1mAlbum Load (0.5ms)[0m   [0;1mSELECT * FROM `albums` [0m
Rendering albums/index
Completed in 14ms (View: 9, DB: 1) | 200 OK [http://localhost/albums]
  [4;35;1mSQL (0.1ms)[0m   [0mSET NAMES 'utf8'[0m
  [4;36;1mSQL (0.1ms)[0m   [0;1mSET SQL_AUTO_IS_NULL=0[0m


Processing AlbumsController#new (for 127.0.0.1 at 2009-11-22 21:21:55) [GET]
  [4;35;1mAlbum Columns (1.3ms)[0m   [0mSHOW FIELDS FROM `albums`[0m
Rendering albums/new
Completed in 49ms (View: 44, DB: 1) | 200 OK [http://localhost/albums/new]
  [4;36;1mSQL (0.2ms)[0m   [0;1mSET NAMES 'utf8'[0m
  [4;35;1mSQL (0.3ms)[0m   [0mSET SQL_AUTO_IS_NULL=0[0m


Processing PhotosController#index (for 127.0.0.1 at 2009-11-22 21:21:59) [GET]
  [4;36;1mPhoto Load (0.3ms)[0m   [0;1mSELECT * FROM `photos` [0m
Rendering photos/index

ActionView::TemplateError (undefined local variable or method `new_photo_path' for #<ActionView::Base:0x23c7f38>) on line #19 of app/views/photos/index.haml:
16:       %td= link_to 'Edit', edit_photo_path(photo)
17:       %td= link_to 'Destroy', photo_path(photo), :confirm => 'Are you sure?', :method => :delete, :confirm => "Are you sure?", :method => :delete
18: 
19: = link_to 'New photo', new_photo_path

    app/views/photos/index.haml:19:in `_run_haml_app47views47photos47index46haml'
    haml (2.2.13) lib/haml/helpers/action_view_mods.rb:13:in `render'
    app/controllers/photos_controller.rb:7:in `index'
    haml (2.2.13) lib/sass/plugin/rails.rb:19:in `process'

Rendered rescues/_trace (107.7ms)
Rendered rescues/_request_and_response (1.4ms)
Rendering rescues/layout (internal_server_error)
  [4;35;1mSQL (0.1ms)[0m   [0mSET NAMES 'utf8'[0m
  [4;36;1mSQL (0.1ms)[0m   [0;1mSET SQL_AUTO_IS_NULL=0[0m


Processing PhotosController#index (for 127.0.0.1 at 2009-11-22 21:22:03) [GET]
  [4;35;1mPhoto Load (0.3ms)[0m   [0mSELECT * FROM `photos` [0m
Rendering photos/index

ActionView::TemplateError (undefined local variable or method `new_photo_path' for #<ActionView::Base:0x25d11d0>) on line #19 of app/views/photos/index.haml:
16:       %td= link_to 'Edit', edit_photo_path(photo)
17:       %td= link_to 'Destroy', photo_path(photo), :confirm => 'Are you sure?', :method => :delete, :confirm => "Are you sure?", :method => :delete
18: 
19: = link_to 'New photo', new_photo_path

    app/views/photos/index.haml:19:in `_run_haml_app47views47photos47index46haml'
    haml (2.2.13) lib/haml/helpers/action_view_mods.rb:13:in `render'
    app/controllers/photos_controller.rb:7:in `index'
    haml (2.2.13) lib/sass/plugin/rails.rb:19:in `process'

Rendered rescues/_trace (37.1ms)
Rendered rescues/_request_and_response (0.3ms)
Rendering rescues/layout (internal_server_error)
  [4;36;1mSQL (0.1ms)[0m   [0;1mSET NAMES 'utf8'[0m
  [4;35;1mSQL (0.1ms)[0m   [0mSET SQL_AUTO_IS_NULL=0[0m


Processing PhotosController#index (for 127.0.0.1 at 2009-11-22 21:22:50) [GET]
  [4;36;1mPhoto Load (0.3ms)[0m   [0;1mSELECT * FROM `photos` [0m
Rendering photos/index
Completed in 12ms (View: 6, DB: 0) | 200 OK [http://localhost/photos]
  [4;35;1mSQL (0.1ms)[0m   [0mSET NAMES 'utf8'[0m
  [4;36;1mSQL (0.1ms)[0m   [0;1mSET SQL_AUTO_IS_NULL=0[0m


Processing PhotosController#new (for 127.0.0.1 at 2009-11-22 21:22:54) [GET]
  [4;35;1mPhoto Columns (1.3ms)[0m   [0mSHOW FIELDS FROM `photos`[0m
  [4;36;1mAlbum Load (0.2ms)[0m   [0;1mSELECT * FROM `albums` [0m
Rendering photos/new

ActionView::TemplateError (undefined method `photos_path' for #<ActionView::Base:0x233af48>) on line #5 of app/views/photos/new.haml:
2: 
3: = error_messages_for :photo
4: 
5: - form_for @photo, :html => { :multipart => true } do |f|
6:   %p
7:     %b Title
8:     %br

    haml (2.2.13) lib/haml/helpers/action_view_mods.rb:170:in `form_for'
    app/views/photos/new.haml:5:in `_run_haml_app47views47photos47new46haml'
    haml (2.2.13) lib/haml/helpers/action_view_mods.rb:13:in `render'
    app/controllers/photos_controller.rb:30:in `new'
    haml (2.2.13) lib/sass/plugin/rails.rb:19:in `process'

Rendered rescues/_trace (61.8ms)
Rendered rescues/_request_and_response (0.3ms)
Rendering rescues/layout (internal_server_error)
  [4;35;1mSQL (0.2ms)[0m   [0mSET NAMES 'utf8'[0m
  [4;36;1mSQL (0.1ms)[0m   [0;1mSET SQL_AUTO_IS_NULL=0[0m


Processing PhotosController#index (for 127.0.0.1 at 2009-11-22 21:22:59) [GET]
  [4;35;1mPhoto Load (2.1ms)[0m   [0mSELECT * FROM `photos` [0m
Rendering photos/index
Completed in 10ms (View: 1, DB: 2) | 200 OK [http://localhost/photos]
  [4;36;1mSQL (0.1ms)[0m   [0;1mSET NAMES 'utf8'[0m
  [4;35;1mSQL (0.1ms)[0m   [0mSET SQL_AUTO_IS_NULL=0[0m


Processing PhotosController#index (for 127.0.0.1 at 2009-11-22 21:23:18) [GET]
  [4;36;1mPhoto Load (0.4ms)[0m   [0;1mSELECT * FROM `photos` [0m
Rendering photos/index

ActionView::TemplateError (undefined local variable or method `new_photos_path' for #<ActionView::Base:0x2440ff0>) on line #19 of app/views/photos/index.haml:
16:       %td= link_to 'Edit', edit_photo_path(photo)
17:       %td= link_to 'Destroy', photo_path(photo), :confirm => 'Are you sure?', :method => :delete, :confirm => "Are you sure?", :method => :delete
18: 
19: = link_to 'New photo', new_photos_path

    app/views/photos/index.haml:19:in `_run_haml_app47views47photos47index46haml'
    haml (2.2.13) lib/haml/helpers/action_view_mods.rb:13:in `render'
    app/controllers/photos_controller.rb:7:in `index'
    haml (2.2.13) lib/sass/plugin/rails.rb:19:in `process'

Rendered rescues/_trace (40.5ms)
Rendered rescues/_request_and_response (0.3ms)
Rendering rescues/layout (internal_server_error)
  [4;35;1mSQL (0.1ms)[0m   [0mSET NAMES 'utf8'[0m
  [4;36;1mSQL (0.1ms)[0m   [0;1mSET SQL_AUTO_IS_NULL=0[0m


Processing PhotosController#index (for 127.0.0.1 at 2009-11-22 21:26:15) [GET]
  [4;35;1mPhoto Load (0.3ms)[0m   [0mSELECT * FROM `photos` [0m
Rendering photos/index
Completed in 12ms (View: 6, DB: 1) | 200 OK [http://localhost/photos]
  [4;36;1mSQL (0.1ms)[0m   [0;1mSET NAMES 'utf8'[0m
  [4;35;1mSQL (0.1ms)[0m   [0mSET SQL_AUTO_IS_NULL=0[0m


Processing PhotosController#new (for 127.0.0.1 at 2009-11-22 21:26:17) [GET]
  [4;36;1mPhoto Columns (1.3ms)[0m   [0;1mSHOW FIELDS FROM `photos`[0m
  [4;35;1mAlbum Load (0.2ms)[0m   [0mSELECT * FROM `albums` [0m
Rendering photos/new
Completed in 13ms (View: 4, DB: 2) | 200 OK [http://localhost/photos/new]
  [4;36;1mSQL (0.1ms)[0m   [0;1mSET NAMES 'utf8'[0m
  [4;35;1mSQL (0.1ms)[0m   [0mSET SQL_AUTO_IS_NULL=0[0m


Processing AlbumsController#index (for 127.0.0.1 at 2009-11-22 21:28:18) [GET]
  [4;36;1mAlbum Load (0.3ms)[0m   [0;1mSELECT * FROM `albums` [0m
Rendering albums/index
Completed in 5ms (View: 1, DB: 1) | 200 OK [http://localhost/albums]
  [4;35;1mSQL (0.1ms)[0m   [0mSET NAMES 'utf8'[0m
  [4;36;1mSQL (0.1ms)[0m   [0;1mSET SQL_AUTO_IS_NULL=0[0m


Processing AlbumsController#index (for 127.0.0.1 at 2009-11-22 21:30:48) [GET]
  [4;35;1mAlbum Load (19.7ms)[0m   [0mSELECT * FROM `albums` [0m
Rendering albums/index
Completed in 26ms (View: 3, DB: 20) | 200 OK [http://localhost/albums]
  [4;36;1mSQL (0.1ms)[0m   [0;1mSET NAMES 'utf8'[0m
  [4;35;1mSQL (0.1ms)[0m   [0mSET SQL_AUTO_IS_NULL=0[0m


Processing AlbumsController#new (for 127.0.0.1 at 2009-11-22 21:30:50) [GET]
  [4;36;1mAlbum Columns (1.3ms)[0m   [0;1mSHOW FIELDS FROM `albums`[0m
Rendering albums/new
Completed in 9ms (View: 3, DB: 1) | 200 OK [http://localhost/albums/new]
  [4;35;1mSQL (0.1ms)[0m   [0mSET NAMES 'utf8'[0m
  [4;36;1mSQL (0.1ms)[0m   [0;1mSET SQL_AUTO_IS_NULL=0[0m


Processing AlbumsController#create (for 127.0.0.1 at 2009-11-22 21:30:57) [POST]
  Parameters: {"commit"=>"Create", "authenticity_token"=>"owN8k2rFf8EiqsmKyZShqWOxt07l+esPvPgTgVZt/tA=", "album"=>{"title"=>"Mama", "description"=>"Siemka", "parent_id"=>"0"}}
  [4;35;1mAlbum Columns (19.7ms)[0m   [0mSHOW FIELDS FROM `albums`[0m
  [4;36;1mSQL (22.3ms)[0m   [0;1mBEGIN[0m
  [4;35;1mAlbum Create (53.4ms)[0m   [0mINSERT INTO `albums` (`updated_at`, `title`, `description`, `user_id`, `parent_id`, `created_at`) VALUES('2009-11-22 20:30:57', 'Mama', 'Siemka', NULL, 0, '2009-11-22 20:30:57')[0m
  [4;36;1mSQL (45.7ms)[0m   [0;1mCOMMIT[0m
Redirected to http://localhost:3000/albums/1
Completed in 149ms (DB: 141) | 302 Found [http://localhost/albums]
  [4;35;1mSQL (0.1ms)[0m   [0mSET NAMES 'utf8'[0m
  [4;36;1mSQL (0.1ms)[0m   [0;1mSET SQL_AUTO_IS_NULL=0[0m


Processing AlbumsController#show (for 127.0.0.1 at 2009-11-22 21:30:57) [GET]
  Parameters: {"id"=>"1"}
  [4;35;1mAlbum Columns (1.4ms)[0m   [0mSHOW FIELDS FROM `albums`[0m
  [4;36;1mAlbum Load (77.1ms)[0m   [0;1mSELECT * FROM `albums` WHERE (`albums`.`id` = 1) [0m
Rendering albums/show
Completed in 90ms (View: 7, DB: 79) | 200 OK [http://localhost/albums/1]
  [4;35;1mSQL (0.4ms)[0m   [0mSET NAMES 'utf8'[0m
  [4;36;1mSQL (0.1ms)[0m   [0;1mSET SQL_AUTO_IS_NULL=0[0m


Processing AlbumsController#index (for 127.0.0.1 at 2009-11-22 21:30:59) [GET]
  [4;35;1mAlbum Load (0.3ms)[0m   [0mSELECT * FROM `albums` [0m
Rendering albums/index
  [4;36;1mAlbum Columns (1.2ms)[0m   [0;1mSHOW FIELDS FROM `albums`[0m
Completed in 8ms (View: 3, DB: 2) | 200 OK [http://localhost/albums]
  [4;35;1mSQL (0.1ms)[0m   [0mSET NAMES 'utf8'[0m
  [4;36;1mSQL (0.4ms)[0m   [0;1mSET SQL_AUTO_IS_NULL=0[0m


Processing PhotosController#index (for 127.0.0.1 at 2009-11-22 21:31:03) [GET]
  [4;35;1mPhoto Load (0.4ms)[0m   [0mSELECT * FROM `photos` [0m
Rendering photos/index
Completed in 6ms (View: 1, DB: 1) | 200 OK [http://localhost/photos]
  [4;36;1mSQL (0.1ms)[0m   [0;1mSET NAMES 'utf8'[0m
  [4;35;1mSQL (0.1ms)[0m   [0mSET SQL_AUTO_IS_NULL=0[0m


Processing PhotosController#new (for 127.0.0.1 at 2009-11-22 21:31:05) [GET]
  [4;36;1mPhoto Columns (1.7ms)[0m   [0;1mSHOW FIELDS FROM `photos`[0m
  [4;35;1mAlbum Load (0.8ms)[0m   [0mSELECT * FROM `albums` [0m
Rendering photos/new
  [4;36;1mAlbum Columns (18.7ms)[0m   [0;1mSHOW FIELDS FROM `albums`[0m
Completed in 34ms (View: 6, DB: 21) | 200 OK [http://localhost/photos/new]
  [4;35;1mSQL (0.1ms)[0m   [0mSET NAMES 'utf8'[0m
  [4;36;1mSQL (0.1ms)[0m   [0;1mSET SQL_AUTO_IS_NULL=0[0m


Processing PhotosController#index (for 127.0.0.1 at 2009-11-22 21:33:20) [GET]
  [4;35;1mPhoto Load (0.3ms)[0m   [0mSELECT * FROM `photos` [0m
Rendering photos/index
Completed in 6ms (View: 1, DB: 1) | 200 OK [http://localhost/photos]
  [4;36;1mSQL (0.1ms)[0m   [0;1mSET NAMES 'utf8'[0m
  [4;35;1mSQL (0.1ms)[0m   [0mSET SQL_AUTO_IS_NULL=0[0m


Processing PhotosController#index (for 127.0.0.1 at 2009-11-22 21:33:26) [GET]
  [4;36;1mPhoto Load (0.3ms)[0m   [0;1mSELECT * FROM `photos` [0m
Rendering photos/index
Completed in 7ms (View: 1, DB: 1) | 200 OK [http://localhost/photos]
  [4;35;1mSQL (0.1ms)[0m   [0mSET NAMES 'utf8'[0m
  [4;36;1mSQL (0.1ms)[0m   [0;1mSET SQL_AUTO_IS_NULL=0[0m


Processing AlbumsController#index (for 127.0.0.1 at 2009-11-22 21:33:33) [GET]
  [4;35;1mAlbum Load (0.3ms)[0m   [0mSELECT * FROM `albums` [0m
Rendering albums/index
  [4;36;1mAlbum Columns (7.9ms)[0m   [0;1mSHOW FIELDS FROM `albums`[0m
Completed in 16ms (View: 3, DB: 8) | 200 OK [http://localhost/albums]
  [4;35;1mSQL (0.1ms)[0m   [0mSET NAMES 'utf8'[0m
  [4;36;1mSQL (0.1ms)[0m   [0;1mSET SQL_AUTO_IS_NULL=0[0m


Processing AlbumsController#edit (for 127.0.0.1 at 2009-11-22 21:33:35) [GET]
  Parameters: {"id"=>"1"}
  [4;35;1mAlbum Columns (1.3ms)[0m   [0mSHOW FIELDS FROM `albums`[0m
  [4;36;1mAlbum Load (0.7ms)[0m   [0;1mSELECT * FROM `albums` WHERE (`albums`.`id` = 1) [0m
Rendering albums/edit
Completed in 17ms (View: 11, DB: 2) | 200 OK [http://localhost/albums/1/edit]
  [4;35;1mSQL (0.8ms)[0m   [0mSET NAMES 'utf8'[0m
  [4;36;1mSQL (0.1ms)[0m   [0;1mSET SQL_AUTO_IS_NULL=0[0m


Processing AlbumsController#index (for 127.0.0.1 at 2009-11-22 21:33:37) [GET]
  [4;35;1mAlbum Load (0.3ms)[0m   [0mSELECT * FROM `albums` [0m
Rendering albums/index
  [4;36;1mAlbum Columns (1.2ms)[0m   [0;1mSHOW FIELDS FROM `albums`[0m
Completed in 9ms (View: 4, DB: 2) | 200 OK [http://localhost/albums]
  [4;35;1mSQL (0.1ms)[0m   [0mSET NAMES 'utf8'[0m
  [4;36;1mSQL (0.1ms)[0m   [0;1mSET SQL_AUTO_IS_NULL=0[0m


Processing AlbumsController#new (for 127.0.0.1 at 2009-11-22 21:33:39) [GET]
  [4;35;1mAlbum Columns (1.8ms)[0m   [0mSHOW FIELDS FROM `albums`[0m
Rendering albums/new
Completed in 11ms (View: 5, DB: 2) | 200 OK [http://localhost/albums/new]
  [4;36;1mSQL (0.1ms)[0m   [0;1mSET NAMES 'utf8'[0m
  [4;35;1mSQL (0.1ms)[0m   [0mSET SQL_AUTO_IS_NULL=0[0m


Processing AlbumsController#index (for 127.0.0.1 at 2009-11-22 21:33:42) [GET]
  [4;36;1mAlbum Load (0.3ms)[0m   [0;1mSELECT * FROM `albums` [0m
Rendering albums/index
  [4;35;1mAlbum Columns (1.7ms)[0m   [0mSHOW FIELDS FROM `albums`[0m
Completed in 9ms (View: 3, DB: 2) | 200 OK [http://localhost/albums]
  [4;36;1mSQL (0.1ms)[0m   [0;1mSET NAMES 'utf8'[0m
  [4;35;1mSQL (0.1ms)[0m   [0mSET SQL_AUTO_IS_NULL=0[0m


Processing AlbumsController#new (for 127.0.0.1 at 2009-11-22 21:34:09) [GET]
  [4;36;1mAlbum Columns (1.3ms)[0m   [0;1mSHOW FIELDS FROM `albums`[0m
Rendering albums/new
Completed in 8ms (View: 3, DB: 1) | 200 OK [http://localhost/albums/new]
  [4;35;1mSQL (0.1ms)[0m   [0mSET NAMES 'utf8'[0m
  [4;36;1mSQL (0.1ms)[0m   [0;1mSET SQL_AUTO_IS_NULL=0[0m


Processing AlbumsController#index (for 127.0.0.1 at 2009-11-22 21:34:13) [GET]
  [4;35;1mAlbum Load (0.5ms)[0m   [0mSELECT * FROM `albums` [0m
Rendering albums/index
  [4;36;1mAlbum Columns (1.2ms)[0m   [0;1mSHOW FIELDS FROM `albums`[0m
Completed in 8ms (View: 3, DB: 2) | 200 OK [http://localhost/albums]
  [4;35;1mSQL (0.1ms)[0m   [0mSET NAMES 'utf8'[0m
  [4;36;1mSQL (0.1ms)[0m   [0;1mSET SQL_AUTO_IS_NULL=0[0m


Processing AlbumsController#edit (for 127.0.0.1 at 2009-11-22 21:34:15) [GET]
  Parameters: {"id"=>"1"}
  [4;35;1mAlbum Columns (1.6ms)[0m   [0mSHOW FIELDS FROM `albums`[0m
  [4;36;1mAlbum Load (0.3ms)[0m   [0;1mSELECT * FROM `albums` WHERE (`albums`.`id` = 1) [0m
Rendering albums/edit
Completed in 10ms (View: 4, DB: 2) | 200 OK [http://localhost/albums/1/edit]
  [4;35;1mSQL (0.1ms)[0m   [0mSET NAMES 'utf8'[0m
  [4;36;1mSQL (0.4ms)[0m   [0;1mSET SQL_AUTO_IS_NULL=0[0m


Processing AlbumsController#index (for 127.0.0.1 at 2009-11-22 21:34:18) [GET]
  [4;35;1mAlbum Load (0.4ms)[0m   [0mSELECT * FROM `albums` [0m
Rendering albums/index
  [4;36;1mAlbum Columns (1.5ms)[0m   [0;1mSHOW FIELDS FROM `albums`[0m
Completed in 9ms (View: 3, DB: 2) | 200 OK [http://localhost/albums]
  [4;35;1mSQL (0.1ms)[0m   [0mSET NAMES 'utf8'[0m
  [4;36;1mSQL (0.1ms)[0m   [0;1mSET SQL_AUTO_IS_NULL=0[0m


Processing PhotosController#index (for 127.0.0.1 at 2009-11-22 21:34:24) [GET]
  [4;35;1mPhoto Load (0.3ms)[0m   [0mSELECT * FROM `photos` [0m
Rendering photos/index
Completed in 6ms (View: 1, DB: 0) | 200 OK [http://localhost/photos]
  [4;36;1mSQL (0.1ms)[0m   [0;1mSET NAMES 'utf8'[0m
  [4;35;1mSQL (1.1ms)[0m   [0mSET SQL_AUTO_IS_NULL=0[0m


Processing PhotosController#new (for 127.0.0.1 at 2009-11-22 21:34:26) [GET]
  [4;36;1mPhoto Columns (1.4ms)[0m   [0;1mSHOW FIELDS FROM `photos`[0m
  [4;35;1mAlbum Load (12.9ms)[0m   [0mSELECT * FROM `albums` [0m
Rendering photos/new
  [4;36;1mAlbum Columns (5.0ms)[0m   [0;1mSHOW FIELDS FROM `albums`[0m
Completed in 34ms (View: 7, DB: 20) | 200 OK [http://localhost/photos/new]
  [4;35;1mSQL (0.1ms)[0m   [0mSET NAMES 'utf8'[0m
  [4;36;1mSQL (0.1ms)[0m   [0;1mSET SQL_AUTO_IS_NULL=0[0m


Processing PhotosController#create (for 127.0.0.1 at 2009-11-22 21:34:37) [POST]
  Parameters: {"photo"=>{"title"=>"", "album_id"=>"1", "image_file_url"=>"", "user_id"=>""}, "commit"=>"Create", "authenticity_token"=>"owN8k2rFf8EiqsmKyZShqWOxt07l+esPvPgTgVZt/tA="}
  [4;35;1mPhoto Columns (1.2ms)[0m   [0mSHOW FIELDS FROM `photos`[0m
  [4;36;1mSQL (0.1ms)[0m   [0;1mBEGIN[0m
  [4;35;1mSQL (19.3ms)[0m   [0mROLLBACK[0m
Rendering photos/new

ActionView::TemplateError (You have a nil object when you didn't expect it!
You might have expected an instance of Array.
The error occurred while evaluating nil.collect) on line #13 of app/views/photos/new.haml:
10:   %p
11:     %b Album
12:     %br
13:     = f.select :album_id, @albums.collect { |c| [c.title, c.id] }
14:   %p
15:     %b User
16:     %br

    app/views/photos/new.haml:13:in `_run_haml_app47views47photos47new46haml'
    haml (2.2.13) lib/haml/helpers/action_view_mods.rb:164:in `call'
    haml (2.2.13) lib/haml/helpers/action_view_mods.rb:164:in `form_for'
    haml (2.2.13) lib/haml/helpers.rb:543:in `call'
    haml (2.2.13) lib/haml/helpers.rb:543:in `haml_bind_proc'
    haml (2.2.13) lib/haml/helpers/action_view_mods.rb:170:in `form_for'
    app/views/photos/new.haml:5:in `_run_haml_app47views47photos47new46haml'
    haml (2.2.13) lib/haml/helpers/action_view_mods.rb:13:in `render'
    app/controllers/photos_controller.rb:52:in `create'
    app/controllers/photos_controller.rb:46:in `create'
    haml (2.2.13) lib/sass/plugin/rails.rb:19:in `process'

Rendered rescues/_trace (42.4ms)
Rendered rescues/_request_and_response (0.3ms)
Rendering rescues/layout (internal_server_error)
  [4;36;1mSQL (0.1ms)[0m   [0;1mSET NAMES 'utf8'[0m
  [4;35;1mSQL (0.1ms)[0m   [0mSET SQL_AUTO_IS_NULL=0[0m


Processing PhotosController#index (for 127.0.0.1 at 2009-11-22 21:35:38) [GET]
  [4;36;1mPhoto Load (2.6ms)[0m   [0;1mSELECT * FROM `photos` [0m
Rendering photos/index
Completed in 9ms (View: 1, DB: 3) | 200 OK [http://localhost/photos]
  [4;35;1mSQL (0.1ms)[0m   [0mSET NAMES 'utf8'[0m
  [4;36;1mSQL (0.1ms)[0m   [0;1mSET SQL_AUTO_IS_NULL=0[0m


Processing PhotosController#new (for 127.0.0.1 at 2009-11-22 21:35:41) [GET]
  [4;35;1mPhoto Columns (1.4ms)[0m   [0mSHOW FIELDS FROM `photos`[0m
  [4;36;1mAlbum Load (0.3ms)[0m   [0;1mSELECT * FROM `albums` [0m
Rendering photos/new
  [4;35;1mAlbum Columns (16.8ms)[0m   [0mSHOW FIELDS FROM `albums`[0m
Completed in 32ms (View: 6, DB: 19) | 200 OK [http://localhost/photos/new]
  [4;36;1mSQL (0.2ms)[0m   [0;1mSET NAMES 'utf8'[0m
  [4;35;1mSQL (0.1ms)[0m   [0mSET SQL_AUTO_IS_NULL=0[0m


Processing PhotosController#index (for 127.0.0.1 at 2009-11-22 21:36:45) [GET]
  [4;36;1mPhoto Load (0.5ms)[0m   [0;1mSELECT * FROM `photos` [0m
Rendering photos/index
Completed in 45ms (View: 9, DB: 1) | 200 OK [http://localhost/photos/]
  [4;35;1mSQL (1.3ms)[0m   [0mSET NAMES 'utf8'[0m
  [4;36;1mSQL (0.1ms)[0m   [0;1mSET SQL_AUTO_IS_NULL=0[0m


Processing PhotosController#new (for 127.0.0.1 at 2009-11-22 21:36:52) [GET]
  [4;35;1mPhoto Columns (1.5ms)[0m   [0mSHOW FIELDS FROM `photos`[0m
  [4;36;1mAlbum Load (0.7ms)[0m   [0;1mSELECT * FROM `albums` [0m
Rendering photos/new
  [4;35;1mAlbum Columns (1.4ms)[0m   [0mSHOW FIELDS FROM `albums`[0m
Completed in 54ms (View: 44, DB: 5) | 200 OK [http://localhost/photos/new]
=======
  [4;36;1mSQL (1.0ms)[0m   [0;1m SELECT name
 FROM sqlite_master
 WHERE type = 'table' AND NOT name = 'sqlite_sequence'
[0m
  [4;35;1mSQL (0.0ms)[0m   [0mselect sqlite_version(*)[0m
  [4;36;1mSQL (129.0ms)[0m   [0;1mCREATE TABLE "schema_migrations" ("version" varchar(255) NOT NULL) [0m
  [4;35;1mSQL (66.0ms)[0m   [0mCREATE UNIQUE INDEX "unique_schema_migrations" ON "schema_migrations" ("version")[0m
  [4;36;1mSQL (0.0ms)[0m   [0;1m SELECT name
 FROM sqlite_master
 WHERE type = 'table' AND NOT name = 'sqlite_sequence'
[0m
  [4;35;1mSQL (0.0ms)[0m   [0mSELECT version FROM schema_migrations[0m
Migrating to CreateAlbums (20091121175007)
  [4;36;1mSQL (1.0ms)[0m   [0;1mCREATE TABLE "albums" ("id" INTEGER PRIMARY KEY AUTOINCREMENT NOT NULL, "parent_id" integer, "user_id" integer, "title" varchar(255), "description" text, "created_at" datetime, "updated_at" datetime) [0m
  [4;35;1mSQL (0.0ms)[0m   [0mINSERT INTO schema_migrations (version) VALUES ('20091121175007')[0m
  [4;36;1mSQL (0.0ms)[0m   [0;1m SELECT name
 FROM sqlite_master
 WHERE type = 'table' AND NOT name = 'sqlite_sequence'
[0m
  [4;35;1mSQL (1.0ms)[0m   [0mSELECT version FROM schema_migrations[0m
  [4;36;1mSQL (0.0ms)[0m   [0;1m SELECT name
 FROM sqlite_master
 WHERE type = 'table' AND NOT name = 'sqlite_sequence'
[0m
  [4;35;1mSQL (0.0ms)[0m   [0mPRAGMA index_list("albums")[0m


Processing AlbumsController#index (for 127.0.0.1 at 2009-11-21 19:47:19) [GET]
  [4;36;1mAlbum Load (1.0ms)[0m   [0;1mSELECT * FROM "albums" [0m
Rendering albums/index
Completed in 50ms (View: 26, DB: 1) | 200 OK [http://localhost/albums]


Processing AlbumsController#index (for 127.0.0.1 at 2009-11-22 18:30:40) [GET]
  [4;36;1mAlbum Load (1.0ms)[0m   [0;1mSELECT * FROM "albums" [0m
Rendering albums/index
Completed in 111ms (View: 29, DB: 1) | 200 OK [http://localhost/albums]


Processing AlbumsController#new (for 127.0.0.1 at 2009-11-22 18:30:55) [GET]
Rendering albums/new
Completed in 4339ms (View: 4332, DB: 0) | 200 OK [http://localhost/albums/new]
  [4;36;1mSQL (0.0ms)[0m   [0;1m SELECT name
 FROM sqlite_master
 WHERE type = 'table' AND NOT name = 'sqlite_sequence'
[0m
  [4;35;1mSQL (0.0ms)[0m   [0mSELECT version FROM schema_migrations[0m
Migrating to CreateAlbums (20091121175007)
Migrating to CreatePhotos (20091122171408)
  [4;36;1mSQL (0.0ms)[0m   [0;1mselect sqlite_version(*)[0m
  [4;35;1mSQL (1.0ms)[0m   [0mCREATE TABLE "photos" ("id" INTEGER PRIMARY KEY AUTOINCREMENT NOT NULL, "title" varchar(255), "album_id" integer, "user_id" integer, "created_at" datetime, "updated_at" datetime) [0m
  [4;36;1mSQL (0.0ms)[0m   [0;1mINSERT INTO schema_migrations (version) VALUES ('20091122171408')[0m
  [4;35;1mSQL (0.0ms)[0m   [0m SELECT name
 FROM sqlite_master
 WHERE type = 'table' AND NOT name = 'sqlite_sequence'
[0m
  [4;36;1mSQL (0.0ms)[0m   [0;1mSELECT version FROM schema_migrations[0m
  [4;35;1mSQL (0.0ms)[0m   [0m SELECT name
 FROM sqlite_master
 WHERE type = 'table' AND NOT name = 'sqlite_sequence'
[0m
  [4;36;1mSQL (0.0ms)[0m   [0;1mPRAGMA index_list("albums")[0m
  [4;35;1mSQL (0.0ms)[0m   [0mPRAGMA index_list("photos")[0m


Processing AlbumsController#index (for 127.0.0.1 at 2009-11-22 18:32:26) [GET]
  [4;36;1mAlbum Load (0.0ms)[0m   [0;1mSELECT * FROM "albums" [0m
Rendering albums/index
Completed in 63ms (View: 7, DB: 0) | 200 OK [http://localhost/albums]


Processing AlbumsController#new (for 127.0.0.1 at 2009-11-22 18:32:29) [GET]
Rendering albums/new
Completed in 112ms (View: 105, DB: 0) | 200 OK [http://localhost/albums/new]


Processing AlbumsController#create (for 127.0.0.1 at 2009-11-22 18:32:40) [POST]
  Parameters: {"commit"=>"Create", "authenticity_token"=>"P920IdLUuQjm81RjJ2CAawReHapM5Ai8qg4h3+SddDI=", "album"=>{"title"=>"Album", "description"=>"Taki se album", "parent_id"=>""}}
  [4;35;1mAlbum Create (1.0ms)[0m   [0mINSERT INTO "albums" ("updated_at", "title", "description", "user_id", "parent_id", "created_at") VALUES('2009-11-22 17:32:40', 'Album', 'Taki se album', NULL, NULL, '2009-11-22 17:32:40')[0m
Redirected to http://localhost:3000/albums/1
Completed in 82ms (DB: 1) | 302 Found [http://localhost/albums]


Processing AlbumsController#show (for 127.0.0.1 at 2009-11-22 18:32:41) [GET]
  Parameters: {"id"=>"1"}
  [4;36;1mAlbum Load (0.0ms)[0m   [0;1mSELECT * FROM "albums" WHERE ("albums"."id" = 1) [0m
Rendering albums/show
Completed in 37ms (View: 30, DB: 0) | 200 OK [http://localhost/albums/1]


Processing PhotosController#index (for 127.0.0.1 at 2009-11-22 18:32:48) [GET]
  [4;35;1mPhoto Load (1.0ms)[0m   [0mSELECT * FROM "photos" [0m
Rendering photos/index
Completed in 54ms (View: 26, DB: 1) | 200 OK [http://localhost/photos]


Processing PhotosController#new (for 127.0.0.1 at 2009-11-22 18:32:51) [GET]
Rendering photos/new
Completed in 20ms (View: 13, DB: 0) | 200 OK [http://localhost/photos/new]


Processing PhotosController#create (for 127.0.0.1 at 2009-11-22 18:33:20) [POST]
  Parameters: {"photo"=>{"title"=>"Fota", "album_id"=>"1", "user_id"=>"1"}, "commit"=>"Create", "authenticity_token"=>"P920IdLUuQjm81RjJ2CAawReHapM5Ai8qg4h3+SddDI="}
Rendering photos/new
Completed in 20ms (View: 6, DB: 0) | 200 OK [http://localhost/photos]


Processing PhotosController#create (for 127.0.0.1 at 2009-11-22 18:34:03) [POST]
  Parameters: {"photo"=>{"title"=>"Fota", "album_id"=>"1", "user_id"=>"1"}, "commit"=>"Create", "authenticity_token"=>"P920IdLUuQjm81RjJ2CAawReHapM5Ai8qg4h3+SddDI="}
  [4;36;1mPhoto Create (1.0ms)[0m   [0;1mINSERT INTO "photos" ("updated_at", "title", "album_id", "user_id", "created_at") VALUES('2009-11-22 17:34:03', 'Fota', 1, 1, '2009-11-22 17:34:03')[0m
Redirected to http://localhost:3000/photos/1
Completed in 87ms (DB: 1) | 302 Found [http://localhost/photos]


Processing PhotosController#show (for 127.0.0.1 at 2009-11-22 18:34:04) [GET]
  Parameters: {"id"=>"1"}
  [4;35;1mPhoto Load (0.0ms)[0m   [0mSELECT * FROM "photos" WHERE ("photos"."id" = 1) [0m
Rendering photos/show
Completed in 33ms (View: 25, DB: 0) | 200 OK [http://localhost/photos/1]


Processing PhotosController#index (for 127.0.0.1 at 2009-11-22 18:34:22) [GET]
  [4;36;1mPhoto Load (1.0ms)[0m   [0;1mSELECT * FROM "photos" [0m
Rendering photos/index
Completed in 10ms (View: 4, DB: 1) | 200 OK [http://localhost/photos]


Processing PhotosController#new (for 127.0.0.1 at 2009-11-22 18:37:37) [GET]
  [4;35;1mAlbum Load (0.0ms)[0m   [0mSELECT * FROM "albums" [0m
Rendering photos/new
Completed in 27ms (View: 15, DB: 0) | 200 OK [http://localhost/photos/new]


Processing PhotosController#index to xml (for 127.0.0.1 at 2009-11-22 18:40:22) [GET]
  [4;36;1mPhoto Load (1.0ms)[0m   [0;1mSELECT * FROM "photos" [0m
Completed in 307ms (View: 300, DB: 1) | 200 OK [http://localhost/photos.xml]


Processing PhotosController#create (for 127.0.0.1 at 2009-11-22 18:42:23) [POST]
  Parameters: {"photo"=>{"title"=>"Inna fota", "album_id"=>"1", "user_id"=>"1"}, "commit"=>"Create", "authenticity_token"=>"P920IdLUuQjm81RjJ2CAawReHapM5Ai8qg4h3+SddDI="}
  [4;35;1mPhoto Create (1.0ms)[0m   [0mINSERT INTO "photos" ("updated_at", "title", "album_id", "user_id", "created_at") VALUES('2009-11-22 17:42:23', 'Inna fota', 1, 1, '2009-11-22 17:42:23')[0m
Redirected to http://localhost:3000/photos/2
Completed in 78ms (DB: 1) | 302 Found [http://localhost/photos]


Processing PhotosController#show (for 127.0.0.1 at 2009-11-22 18:42:24) [GET]
  Parameters: {"id"=>"2"}
  [4;36;1mPhoto Load (0.0ms)[0m   [0;1mSELECT * FROM "photos" WHERE ("photos"."id" = 2) [0m
Rendering photos/show
Completed in 9ms (View: 2, DB: 0) | 200 OK [http://localhost/photos/2]


Processing PhotosController#index (for 127.0.0.1 at 2009-11-22 18:42:27) [GET]
  [4;35;1mPhoto Load (1.0ms)[0m   [0mSELECT * FROM "photos" [0m
Rendering photos/index
  [4;36;1mAlbum Load (0.0ms)[0m   [0;1mSELECT * FROM "albums" WHERE ("albums"."id" = 1) [0m
  [4;35;1mCACHE (0.0ms)[0m   [0mSELECT * FROM "albums" WHERE ("albums"."id" = 1) [0m
Completed in 72ms (View: 17, DB: 1) | 200 OK [http://localhost/photos]


Processing PhotosController#destroy (for 127.0.0.1 at 2009-11-22 18:51:32) [DELETE]
  Parameters: {"authenticity_token"=>"P920IdLUuQjm81RjJ2CAawReHapM5Ai8qg4h3+SddDI=", "id"=>"1"}
  [4;36;1mPhoto Load (1.0ms)[0m   [0;1mSELECT * FROM "photos" WHERE ("photos"."id" = 1) [0m
  [4;35;1mPhoto Destroy (1.0ms)[0m   [0mDELETE FROM "photos" WHERE "id" = 1[0m
Redirected to http://localhost:3000/photos
Completed in 86ms (DB: 2) | 302 Found [http://localhost/photos/1]


Processing PhotosController#index (for 127.0.0.1 at 2009-11-22 18:51:33) [GET]
  [4;36;1mPhoto Load (1.0ms)[0m   [0;1mSELECT * FROM "photos" [0m
Rendering photos/index
  [4;35;1mAlbum Load (0.0ms)[0m   [0mSELECT * FROM "albums" WHERE ("albums"."id" = 1) [0m
Completed in 18ms (View: 10, DB: 1) | 200 OK [http://localhost/photos]


Processing PhotosController#destroy (for 127.0.0.1 at 2009-11-22 18:51:36) [DELETE]
  Parameters: {"authenticity_token"=>"P920IdLUuQjm81RjJ2CAawReHapM5Ai8qg4h3+SddDI=", "id"=>"2"}
  [4;36;1mPhoto Load (1.0ms)[0m   [0;1mSELECT * FROM "photos" WHERE ("photos"."id" = 2) [0m
  [4;35;1mPhoto Destroy (0.0ms)[0m   [0mDELETE FROM "photos" WHERE "id" = 2[0m
Redirected to http://localhost:3000/photos
Completed in 69ms (DB: 1) | 302 Found [http://localhost/photos/2]


Processing PhotosController#index (for 127.0.0.1 at 2009-11-22 18:51:37) [GET]
  [4;36;1mPhoto Load (1.0ms)[0m   [0;1mSELECT * FROM "photos" [0m
Rendering photos/index
Completed in 9ms (View: 1, DB: 1) | 200 OK [http://localhost/photos]


Processing PhotosController#new (for 127.0.0.1 at 2009-11-22 18:51:39) [GET]
  [4;35;1mAlbum Load (0.0ms)[0m   [0mSELECT * FROM "albums" [0m
Rendering photos/new

ActionView::TemplateError (Inconsistent indentation: 1 tab was used for indentation, but the rest of the document was indented using 2 spaces.) on line #18 of app/views/photos/new.haml:
15:     %b User
16:     %br
17:     = f.text_field :user_id
18: 	%p
19: 		%b Upload
20: 		%br
21: 		= f.file_field :image_file

    app/views/photos/new.haml:18
    haml (2.2.13) lib/haml/precompiler.rb:150:in `tabs'
    haml (2.2.13) lib/haml/precompiler.rb:132:in `instance_eval'
    haml (2.2.13) lib/haml/precompiler.rb:132:in `tabs'
    haml (2.2.13) lib/haml/precompiler.rb:980:in `block_opened?'
    haml (2.2.13) lib/haml/precompiler.rb:369:in `push_script'
    haml (2.2.13) lib/haml/precompiler.rb:223:in `process_line'
    haml (2.2.13) lib/haml/precompiler.rb:177:in `precompile'
    haml (2.2.13) lib/haml/engine.rb:114:in `initialize'
    haml (2.2.13) lib/haml/template/plugin.rb:21:in `new'
    haml (2.2.13) lib/haml/template/plugin.rb:21:in `compile'
    haml (2.2.13) lib/haml/helpers/action_view_mods.rb:13:in `render'
    app/controllers/photos_controller.rb:30:in `new'
    haml (2.2.13) lib/sass/plugin/rails.rb:19:in `process'

Rendered rescues/_trace (58.0ms)
Rendered rescues/_request_and_response (1.0ms)
Rendering rescues/layout (internal_server_error)


Processing PhotosController#new (for 127.0.0.1 at 2009-11-22 18:52:48) [GET]
  [4;36;1mAlbum Load (0.0ms)[0m   [0;1mSELECT * FROM "albums" [0m
Rendering photos/new

ActionView::TemplateError (Inconsistent indentation: 1 tab was used for indentation, but the rest of the document was indented using 2 spaces.) on line #18 of app/views/photos/new.haml:
15:     %b User
16:     %br
17:     = f.text_field :user_id
18: 	%p
19:     %b Upload
20:     %br
21:     = f.file_field :image_file

    app/views/photos/new.haml:18
    haml (2.2.13) lib/haml/precompiler.rb:150:in `tabs'
    haml (2.2.13) lib/haml/precompiler.rb:132:in `instance_eval'
    haml (2.2.13) lib/haml/precompiler.rb:132:in `tabs'
    haml (2.2.13) lib/haml/precompiler.rb:980:in `block_opened?'
    haml (2.2.13) lib/haml/precompiler.rb:369:in `push_script'
    haml (2.2.13) lib/haml/precompiler.rb:223:in `process_line'
    haml (2.2.13) lib/haml/precompiler.rb:177:in `precompile'
    haml (2.2.13) lib/haml/engine.rb:114:in `initialize'
    haml (2.2.13) lib/haml/template/plugin.rb:21:in `new'
    haml (2.2.13) lib/haml/template/plugin.rb:21:in `compile'
    haml (2.2.13) lib/haml/helpers/action_view_mods.rb:13:in `render'
    app/controllers/photos_controller.rb:30:in `new'
    haml (2.2.13) lib/sass/plugin/rails.rb:19:in `process'

Rendered rescues/_trace (56.0ms)
Rendered rescues/_request_and_response (0.0ms)
Rendering rescues/layout (internal_server_error)


Processing PhotosController#new (for 127.0.0.1 at 2009-11-22 18:53:03) [GET]
  [4;35;1mAlbum Load (0.0ms)[0m   [0mSELECT * FROM "albums" [0m
Rendering photos/new
Completed in 28ms (View: 15, DB: 0) | 200 OK [http://localhost/photos/new]


Processing PhotosController#create (for 127.0.0.1 at 2009-11-22 18:53:20) [POST]
  Parameters: {"photo"=>{"image_file"=>#<File:C:/Users/Rafal/AppData/Local/Temp/RackMultipart.5204.0>, "title"=>"Test", "album_id"=>"1", "image_file_url"=>"", "user_id"=>"1"}, "commit"=>"Create", "authenticity_token"=>"P920IdLUuQjm81RjJ2CAawReHapM5Ai8qg4h3+SddDI="}
  [4;36;1mPhoto Create (1.0ms)[0m   [0;1mINSERT INTO "photos" ("updated_at", "title", "album_id", "user_id", "created_at") VALUES('2009-11-22 17:53:20', 'Test', 1, 1, '2009-11-22 17:53:20')[0m
Redirected to http://localhost:3000/photos/3
Completed in 336ms (DB: 1) | 302 Found [http://localhost/photos]


Processing PhotosController#show (for 127.0.0.1 at 2009-11-22 18:53:21) [GET]
  Parameters: {"id"=>"3"}
  [4;35;1mPhoto Load (0.0ms)[0m   [0mSELECT * FROM "photos" WHERE ("photos"."id" = 3) [0m
Rendering photos/show
  [4;36;1mAlbum Load (1.0ms)[0m   [0;1mSELECT * FROM "albums" WHERE ("albums"."id" = 1) [0m
DEPRECATION WARNING: formatted_photo_path() has been deprecated. Please pass format to the standard photo_path method instead.. (called from _run_haml_app47views47photos47show46haml at C:/rails/fotogafa/app/views/photos/show.haml:14)
Completed in 24ms (View: 14, DB: 1) | 200 OK [http://localhost/photos/3]


Processing PhotosController#show to jpg (for 127.0.0.1 at 2009-11-22 18:53:22) [GET]
  Parameters: {"id"=>"3"}
  [4;35;1mPhoto Load (0.0ms)[0m   [0mSELECT * FROM "photos" WHERE ("photos"."id" = 3) [0m
Completed in 10ms (View: 1, DB: 0) | 406 Not Acceptable [http://localhost/photos/3.jpg]


Processing PhotosController#show to jpg (for 127.0.0.1 at 2009-11-22 18:53:28) [GET]
  Parameters: {"id"=>"3"}
  [4;36;1mPhoto Load (0.0ms)[0m   [0;1mSELECT * FROM "photos" WHERE ("photos"."id" = 3) [0m
Completed in 10ms (View: 2, DB: 0) | 406 Not Acceptable [http://localhost/photos/3.jpg]


Processing PhotosController#show to png (for 127.0.0.1 at 2009-11-22 18:53:48) [GET]
  Parameters: {"id"=>"3"}
  [4;35;1mPhoto Load (0.0ms)[0m   [0mSELECT * FROM "photos" WHERE ("photos"."id" = 3) [0m
Completed in 10ms (View: 1, DB: 0) | 406 Not Acceptable [http://localhost/photos/3.png]


Processing PhotosController#show to jpg (for 127.0.0.1 at 2009-11-22 18:53:57) [GET]
  Parameters: {"id"=>"3"}
  [4;36;1mPhoto Load (0.0ms)[0m   [0;1mSELECT * FROM "photos" WHERE ("photos"."id" = 3) [0m
Completed in 9ms (View: 1, DB: 0) | 406 Not Acceptable [http://localhost/photos/3.jpg]


Processing PhotosController#show (for 127.0.0.1 at 2009-11-22 18:56:07) [GET]
  Parameters: {"id"=>"3"}
  [4;35;1mPhoto Load (1.0ms)[0m   [0mSELECT * FROM "photos" WHERE ("photos"."id" = 3) [0m
Rendering photos/show
  [4;36;1mAlbum Load (0.0ms)[0m   [0;1mSELECT * FROM "albums" WHERE ("albums"."id" = 1) [0m
DEPRECATION WARNING: formatted_photo_path() has been deprecated. Please pass format to the standard photo_path method instead.. (called from _run_haml_app47views47photos47show46haml at C:/rails/fotogafa/app/views/photos/show.haml:14)
Completed in 23ms (View: 15, DB: 1) | 200 OK [http://localhost/photos/3]


Processing PhotosController#show to jpg (for 127.0.0.1 at 2009-11-22 18:56:08) [GET]
  Parameters: {"id"=>"3"}
  [4;35;1mPhoto Load (0.0ms)[0m   [0mSELECT * FROM "photos" WHERE ("photos"."id" = 3) [0m
Completed in 9ms (View: 1, DB: 0) | 406 Not Acceptable [http://localhost/photos/3.jpg]


Processing PhotosController#show (for 127.0.0.1 at 2009-11-22 18:57:24) [GET]
  Parameters: {"id"=>"3"}
  [4;36;1mPhoto Load (0.0ms)[0m   [0;1mSELECT * FROM "photos" WHERE ("photos"."id" = 3) [0m
Rendering photos/show
  [4;35;1mAlbum Load (0.0ms)[0m   [0mSELECT * FROM "albums" WHERE ("albums"."id" = 1) [0m
DEPRECATION WARNING: formatted_photo_path() has been deprecated. Please pass format to the standard photo_path method instead.. (called from _run_haml_app47views47photos47show46haml at C:/rails/fotogafa/app/views/photos/show.haml:14)
Completed in 142ms (View: 112, DB: 0) | 200 OK [http://localhost/photos/3]


Processing PhotosController#show to jpg (for 127.0.0.1 at 2009-11-22 18:57:25) [GET]
  Parameters: {"id"=>"3"}
  [4;36;1mPhoto Load (0.0ms)[0m   [0;1mSELECT * FROM "photos" WHERE ("photos"."id" = 3) [0m
Completed in 10ms (View: 1, DB: 0) | 406 Not Acceptable [http://localhost/photos/3.jpg]


Processing PhotosController#show to jpg (for 127.0.0.1 at 2009-11-22 18:57:29) [GET]
  Parameters: {"id"=>"3"}
  [4;35;1mPhoto Load (0.0ms)[0m   [0mSELECT * FROM "photos" WHERE ("photos"."id" = 3) [0m
Completed in 10ms (View: 1, DB: 0) | 406 Not Acceptable [http://localhost/photos/3.jpg]


Processing PhotosController#show to png (for 127.0.0.1 at 2009-11-22 18:59:37) [GET]
  Parameters: {"id"=>"3"}
  [4;36;1mPhoto Load (0.0ms)[0m   [0;1mSELECT * FROM "photos" WHERE ("photos"."id" = 3) [0m
Completed in 13ms (View: 5, DB: 0) | 406 Not Acceptable [http://localhost/photos/3.png]


Processing PhotosController#show to png (for 127.0.0.1 at 2009-11-22 18:59:40) [GET]
  Parameters: {"id"=>"3"}
  [4;35;1mPhoto Load (0.0ms)[0m   [0mSELECT * FROM "photos" WHERE ("photos"."id" = 3) [0m
Completed in 10ms (View: 2, DB: 0) | 406 Not Acceptable [http://localhost/photos/3.png]


Processing PhotosController#show to png (for 127.0.0.1 at 2009-11-22 19:00:32) [GET]
  Parameters: {"id"=>"3"}
  [4;36;1mPhoto Load (0.0ms)[0m   [0;1mSELECT * FROM "photos" WHERE ("photos"."id" = 3) [0m
Completed in 35ms (View: 6, DB: 0) | 406 Not Acceptable [http://localhost/photos/3.png]


Processing PhotosController#index (for 127.0.0.1 at 2009-11-22 19:01:03) [GET]
  [4;35;1mPhoto Load (1.0ms)[0m   [0mSELECT * FROM "photos" [0m
Rendering photos/index
  [4;36;1mAlbum Load (0.0ms)[0m   [0;1mSELECT * FROM "albums" WHERE ("albums"."id" = 1) [0m
Completed in 108ms (View: 101, DB: 1) | 200 OK [http://localhost/photos]


Processing PhotosController#show (for 127.0.0.1 at 2009-11-22 19:01:07) [GET]
  Parameters: {"id"=>"3"}
  [4;35;1mPhoto Load (0.0ms)[0m   [0mSELECT * FROM "photos" WHERE ("photos"."id" = 3) [0m
Rendering photos/show
  [4;36;1mAlbum Load (0.0ms)[0m   [0;1mSELECT * FROM "albums" WHERE ("albums"."id" = 1) [0m
DEPRECATION WARNING: formatted_photo_path() has been deprecated. Please pass format to the standard photo_path method instead.. (called from _run_haml_app47views47photos47show46haml at C:/rails/fotogafa/app/views/photos/show.haml:14)
Completed in 24ms (View: 16, DB: 0) | 200 OK [http://localhost/photos/3]


Processing PhotosController#show to png (for 127.0.0.1 at 2009-11-22 19:01:08) [GET]
  Parameters: {"id"=>"3"}
  [4;35;1mPhoto Load (1.0ms)[0m   [0mSELECT * FROM "photos" WHERE ("photos"."id" = 3) [0m
Completed in 9ms (View: 1, DB: 1) | 406 Not Acceptable [http://localhost/photos/3.png]


Processing PhotosController#index (for 127.0.0.1 at 2009-11-22 20:51:34) [GET]
  [4;36;1mPhoto Load (0.0ms)[0m   [0;1mSELECT * FROM "photos" [0m
Rendering photos/index
  [4;35;1mAlbum Load (1.0ms)[0m   [0mSELECT * FROM "albums" WHERE ("albums"."id" = 1) [0m
Completed in 4304ms (View: 4295, DB: 1) | 200 OK [http://localhost/photos]
>>>>>>> f65b6d420366d70bf512608e9e0221f0da4f4cba
